<?xml version="1.0" encoding="UTF-8"?>
<testng-results ignored="0" total="4" passed="4" failed="0" skipped="0">
  <reporter-output>
  </reporter-output>
  <suite started-at="2021-04-28T19:20:27Z" name="Test Automation" finished-at="2021-04-28T19:23:29Z" duration-ms="181605">
    <groups>
    </groups>
    <test started-at="2021-04-28T19:20:27Z" name="3" finished-at="2021-04-28T19:21:58Z" duration-ms="90321">
      <class name="appium.seetest_specific.performance.PerformanceTransaction">
        <test-method is-config="true" signature="setUp(java.lang.reflect.Method)[pri:0, instance:appium.seetest_specific.performance.PerformanceTransaction@176d53b2]" started-at="2021-04-28T15:20:27Z" name="setUp" finished-at="2021-04-28T15:20:54Z" duration-ms="27008" status="PASS">
          <params>
            <param index="0">
              <value>
                <![CDATA[public void appium.seetest_specific.performance.PerformanceTransaction.performance_transaction_testing()]]>
              </value>
            </param>
          </params>
          <reporter-output>
          </reporter-output>
        </test-method> <!-- setUp -->
        <test-method signature="performance_transaction_testing()[pri:0, instance:appium.seetest_specific.performance.PerformanceTransaction@176d53b2]" started-at="2021-04-28T15:20:54Z" name="performance_transaction_testing" finished-at="2021-04-28T15:21:54Z" duration-ms="59975" status="PASS">
          <reporter-output>
          </reporter-output>
        </test-method> <!-- performance_transaction_testing -->
        <test-method is-config="true" signature="tearDown()[pri:0, instance:appium.seetest_specific.performance.PerformanceTransaction@176d53b2]" started-at="2021-04-28T15:21:54Z" name="tearDown" finished-at="2021-04-28T15:21:58Z" duration-ms="3320" status="PASS">
          <reporter-output>
          </reporter-output>
        </test-method> <!-- tearDown -->
      </class> <!-- appium.seetest_specific.performance.PerformanceTransaction -->
    </test> <!-- 3 -->
    <test started-at="2021-04-28T19:20:27Z" name="4" finished-at="2021-04-28T19:22:20Z" duration-ms="113031">
      <class name="appium.seetest_specific.performance.PerformanceTransaction">
        <test-method is-config="true" signature="setUp(java.lang.reflect.Method)[pri:0, instance:appium.seetest_specific.performance.PerformanceTransaction@18a70f16]" started-at="2021-04-28T15:20:27Z" name="setUp" finished-at="2021-04-28T15:21:04Z" duration-ms="36775" status="PASS">
          <params>
            <param index="0">
              <value>
                <![CDATA[public void appium.seetest_specific.performance.PerformanceTransaction.performance_transaction_testing()]]>
              </value>
            </param>
          </params>
          <reporter-output>
          </reporter-output>
        </test-method> <!-- setUp -->
        <test-method signature="performance_transaction_testing()[pri:0, instance:appium.seetest_specific.performance.PerformanceTransaction@18a70f16]" started-at="2021-04-28T15:21:04Z" name="performance_transaction_testing" finished-at="2021-04-28T15:22:10Z" duration-ms="65811" status="PASS">
          <reporter-output>
          </reporter-output>
        </test-method> <!-- performance_transaction_testing -->
        <test-method is-config="true" signature="tearDown()[pri:0, instance:appium.seetest_specific.performance.PerformanceTransaction@18a70f16]" started-at="2021-04-28T15:22:10Z" name="tearDown" finished-at="2021-04-28T15:22:20Z" duration-ms="10428" status="PASS">
          <reporter-output>
          </reporter-output>
        </test-method> <!-- tearDown -->
      </class> <!-- appium.seetest_specific.performance.PerformanceTransaction -->
    </test> <!-- 4 -->
    <test started-at="2021-04-28T19:20:27Z" name="2" finished-at="2021-04-28T19:23:18Z" duration-ms="170416">
      <class name="appium.seetest_specific.performance.PerformanceTransaction">
        <test-method is-config="true" signature="setUp(java.lang.reflect.Method)[pri:0, instance:appium.seetest_specific.performance.PerformanceTransaction@6b53e23f]" started-at="2021-04-28T15:20:27Z" name="setUp" finished-at="2021-04-28T15:21:50Z" duration-ms="82379" status="PASS">
          <params>
            <param index="0">
              <value>
                <![CDATA[public void appium.seetest_specific.performance.PerformanceTransaction.performance_transaction_testing()]]>
              </value>
            </param>
          </params>
          <reporter-output>
          </reporter-output>
        </test-method> <!-- setUp -->
        <test-method signature="performance_transaction_testing()[pri:0, instance:appium.seetest_specific.performance.PerformanceTransaction@6b53e23f]" started-at="2021-04-28T15:21:50Z" name="performance_transaction_testing" finished-at="2021-04-28T15:22:57Z" duration-ms="67043" status="PASS">
          <reporter-output>
          </reporter-output>
        </test-method> <!-- performance_transaction_testing -->
        <test-method is-config="true" signature="tearDown()[pri:0, instance:appium.seetest_specific.performance.PerformanceTransaction@6b53e23f]" started-at="2021-04-28T15:22:57Z" name="tearDown" finished-at="2021-04-28T15:23:18Z" duration-ms="20978" status="PASS">
          <reporter-output>
          </reporter-output>
        </test-method> <!-- tearDown -->
      </class> <!-- appium.seetest_specific.performance.PerformanceTransaction -->
    </test> <!-- 2 -->
    <test started-at="2021-04-28T19:20:27Z" name="1" finished-at="2021-04-28T19:23:29Z" duration-ms="181605">
      <class name="appium.seetest_specific.performance.PerformanceTransaction">
        <test-method is-config="true" signature="setUp(java.lang.reflect.Method)[pri:0, instance:appium.seetest_specific.performance.PerformanceTransaction@ba8d91c]" started-at="2021-04-28T15:20:27Z" name="setUp" finished-at="2021-04-28T15:22:26Z" duration-ms="118314" status="PASS">
          <params>
            <param index="0">
              <value>
                <![CDATA[public void appium.seetest_specific.performance.PerformanceTransaction.performance_transaction_testing()]]>
              </value>
            </param>
          </params>
          <reporter-output>
          </reporter-output>
        </test-method> <!-- setUp -->
        <test-method signature="performance_transaction_testing()[pri:0, instance:appium.seetest_specific.performance.PerformanceTransaction@ba8d91c]" started-at="2021-04-28T15:22:26Z" name="performance_transaction_testing" finished-at="2021-04-28T15:23:26Z" duration-ms="59976" status="PASS">
          <reporter-output>
          </reporter-output>
        </test-method> <!-- performance_transaction_testing -->
        <test-method is-config="true" signature="tearDown()[pri:0, instance:appium.seetest_specific.performance.PerformanceTransaction@ba8d91c]" started-at="2021-04-28T15:23:26Z" name="tearDown" finished-at="2021-04-28T15:23:29Z" duration-ms="3298" status="PASS">
          <reporter-output>
          </reporter-output>
        </test-method> <!-- tearDown -->
      </class> <!-- appium.seetest_specific.performance.PerformanceTransaction -->
    </test> <!-- 1 -->
  </suite> <!-- Test Automation -->
</testng-results>
