<?xml version="1.0" encoding="UTF-8"?>
<testsuite xmlns:xsi="http://www.w3.org/2001/XMLSchema-instance" xsi:noNamespaceSchemaLocation="https://maven.apache.org/surefire/maven-surefire-plugin/xsd/surefire-test-report.xsd" name="TestSuite" time="181.973" tests="4" errors="0" skipped="0" failures="0">
  <properties>
[...]
</properties>
  <testcase name="performance_transaction_testing" classname="appium.seetest_specific.performance.PerformanceTransaction" time="4.615"/>
  <testcase name="performance_transaction_testing" classname="appium.seetest_specific.performance.PerformanceTransaction" time="20.212"/>
  <testcase name="performance_transaction_testing" classname="appium.seetest_specific.performance.PerformanceTransaction" time="31.111"/>
  <testcase name="performance_transaction_testing" classname="appium.seetest_specific.performance.PerformanceTransaction" time="59.981"/>
</testsuite>