<?xml version="1.0" encoding="UTF-8"?>
<!-- Generated by org.testng.reporters.JUnitReportReporter -->
<testsuite hostname="Rick-Broker" failures="0" tests="4" name="appium.seetest_specific.performance.PerformanceTransaction" time="555.305" errors="0" timestamp="28 Apr 2021 19:23:29 GMT" skipped="0">
  <testcase classname="appium.seetest_specific.performance.PerformanceTransaction" name="performance_transaction_testing" time="170.400"/>
  <testcase classname="appium.seetest_specific.performance.PerformanceTransaction" name="performance_transaction_testing" time="181.588"/>
  <testcase classname="appium.seetest_specific.performance.PerformanceTransaction" name="performance_transaction_testing" time="113.014"/>
  <testcase classname="appium.seetest_specific.performance.PerformanceTransaction" name="performance_transaction_testing" time="90.303"/>
</testsuite> <!-- appium.seetest_specific.performance.PerformanceTransaction -->
